# 1 "fork.c"
# 1 "<built-in>"
# 1 "<命令行>"
# 1 "fork.c"
# 1 "/usr/include/stdio.h" 1 3 4
# 28 "/usr/include/stdio.h" 3 4
# 1 "/usr/include/features.h" 1 3 4
# 323 "/usr/include/features.h" 3 4
# 1 "/usr/include/i386-linux-gnu/bits/predefs.h" 1 3 4
# 324 "/usr/include/features.h" 2 3 4
# 356 "/usr/include/features.h" 3 4
# 1 "/usr/include/i386-linux-gnu/sys/cdefs.h" 1 3 4
# 353 "/usr/include/i386-linux-gnu/sys/cdefs.h" 3 4
# 1 "/usr/include/i386-linux-gnu/bits/wordsize.h" 1 3 4
# 354 "/usr/include/i386-linux-gnu/sys/cdefs.h" 2 3 4
# 357 "/usr/include/features.h" 2 3 4
# 388 "/usr/include/features.h" 3 4
# 1 "/usr/include/i386-linux-gnu/gnu/stubs.h" 1 3 4
# 1 "/usr/include/i386-linux-gnu/bits/wordsize.h" 1 3 4
# 5 "/usr/include/i386-linux-gnu/gnu/stubs.h" 2 3 4
# 1 "/usr/include/i386-linux-gnu/gnu/stubs-32.h" 1 3 4
# 8 "/usr/include/i386-linux-gnu/gnu/stubs.h" 2 3 4
# 389 "/usr/include/features.h" 2 3 4
# 29 "/usr/include/stdio.h" 2 3 4
# 1 "/usr/lib/gcc/i686-linux-gnu/4.6.1/include/stddef.h" 1 3 4
# 212 "/usr/lib/gcc/i686-linux-gnu/4.6.1/include/stddef.h" 3 4
typedef unsigned int size_t;
# 35 "/usr/include/stdio.h" 2 3 4
# 1 "/usr/include/i386-linux-gnu/bits/types.h" 1 3 4
# 28 "/usr/include/i386-linux-gnu/bits/types.h" 3 4
# 1 "/usr/include/i386-linux-gnu/bits/wordsize.h" 1 3 4
# 29 "/usr/include/i386-linux-gnu/bits/types.h" 2 3 4
typedef unsigned char __u_char;
typedef unsigned short int __u_short;
typedef unsigned int __u_int;
typedef unsigned long int __u_long;
typedef signed char __int8_t;
typedef unsigned char __uint8_t;
typedef signed short int __int16_t;
typedef unsigned short int __uint16_t;
typedef signed int __int32_t;
typedef unsigned int __uint32_t;
__extension__ typedef signed long long int __int64_t;
__extension__ typedef unsigned long long int __uint64_t;
__extension__ typedef long long int __quad_t;
__extension__ typedef unsigned long long int __u_quad_t;
# 131 "/usr/include/i386-linux-gnu/bits/types.h" 3 4
# 1 "/usr/include/i386-linux-gnu/bits/typesizes.h" 1 3 4
# 132 "/usr/include/i386-linux-gnu/bits/types.h" 2 3 4
__extension__ typedef __u_quad_t __dev_t;
__extension__ typedef unsigned int __uid_t;
__extension__ typedef unsigned int __gid_t;
__extension__ typedef unsigned long int __ino_t;
__extension__ typedef __u_quad_t __ino64_t;
__extension__ typedef unsigned int __mode_t;
__extension__ typedef unsigned int __nlink_t;
__extension__ typedef long int __off_t;
__extension__ typedef __quad_t __off64_t;
__extension__ typedef int __pid_t;
__extension__ typedef struct { int __val[2]; } __fsid_t;
__extension__ typedef long int __clock_t;
__extension__ typedef unsigned long int __rlim_t;
__extension__ typedef __u_quad_t __rlim64_t;
__extension__ typedef unsigned int __id_t;
__extension__ typedef long int __time_t;
__extension__ typedef unsigned int __useconds_t;
__extension__ typedef long int __suseconds_t;
__extension__ typedef int __daddr_t;
__extension__ typedef long int __swblk_t;
__extension__ typedef int __key_t;
__extension__ typedef int __clockid_t;
__extension__ typedef void * __timer_t;
__extension__ typedef long int __blksize_t;
__extension__ typedef long int __blkcnt_t;
__extension__ typedef __quad_t __blkcnt64_t;
__extension__ typedef unsigned long int __fsblkcnt_t;
__extension__ typedef __u_quad_t __fsblkcnt64_t;
__extension__ typedef unsigned long int __fsfilcnt_t;
__extension__ typedef __u_quad_t __fsfilcnt64_t;
__extension__ typedef int __ssize_t;
typedef __off64_t __loff_t;
typedef __quad_t *__qaddr_t;
typedef char *__caddr_t;
__extension__ typedef int __intptr_t;
__extension__ typedef unsigned int __socklen_t;
# 37 "/usr/include/stdio.h" 2 3 4
# 45 "/usr/include/stdio.h" 3 4
struct _IO_FILE;
typedef struct _IO_FILE FILE;
# 65 "/usr/include/stdio.h" 3 4
typedef struct _IO_FILE __FILE;
# 75 "/usr/include/stdio.h" 3 4
# 1 "/usr/include/libio.h" 1 3 4
# 32 "/usr/include/libio.h" 3 4
# 1 "/usr/include/_G_config.h" 1 3 4
# 15 "/usr/include/_G_config.h" 3 4
# 1 "/usr/lib/gcc/i686-linux-gnu/4.6.1/include/stddef.h" 1 3 4
# 16 "/usr/include/_G_config.h" 2 3 4
# 1 "/usr/include/wchar.h" 1 3 4
# 83 "/usr/include/wchar.h" 3 4
typedef struct
{
  int __count;
  union
  {
    unsigned int __wch;
    char __wchb[4];
  } __value;
} __mbstate_t;
# 21 "/usr/include/_G_config.h" 2 3 4
typedef struct
{
  __off_t __pos;
  __mbstate_t __state;
} _G_fpos_t;
typedef struct
{
  __off64_t __pos;
  __mbstate_t __state;
} _G_fpos64_t;
# 53 "/usr/include/_G_config.h" 3 4
typedef int _G_int16_t __attribute__ ((__mode__ (__HI__)));
typedef int _G_int32_t __attribute__ ((__mode__ (__SI__)));
typedef unsigned int _G_uint16_t __attribute__ ((__mode__ (__HI__)));
typedef unsigned int _G_uint32_t __attribute__ ((__mode__ (__SI__)));
# 33 "/usr/include/libio.h" 2 3 4
# 53 "/usr/include/libio.h" 3 4
# 1 "/usr/lib/gcc/i686-linux-gnu/4.6.1/include/stdarg.h" 1 3 4
# 40 "/usr/lib/gcc/i686-linux-gnu/4.6.1/include/stdarg.h" 3 4
typedef __builtin_va_list __gnuc_va_list;
# 54 "/usr/include/libio.h" 2 3 4
# 170 "/usr/include/libio.h" 3 4
struct _IO_jump_t; struct _IO_FILE;
# 180 "/usr/include/libio.h" 3 4
typedef void _IO_lock_t;
struct _IO_marker {
  struct _IO_marker *_next;
  struct _IO_FILE *_sbuf;
  int _pos;
# 203 "/usr/include/libio.h" 3 4
};
enum __codecvt_result
{
  __codecvt_ok,
  __codecvt_partial,
  __codecvt_error,
  __codecvt_noconv
};
# 271 "/usr/include/libio.h" 3 4
struct _IO_FILE {
  int _flags;
  char* _IO_read_ptr;
  char* _IO_read_end;
  char* _IO_read_base;
  char* _IO_write_base;
  char* _IO_write_ptr;
  char* _IO_write_end;
  char* _IO_buf_base;
  char* _IO_buf_end;
  char *_IO_save_base;
  char *_IO_backup_base;
  char *_IO_save_end;
  struct _IO_marker *_markers;
  struct _IO_FILE *_chain;
  int _fileno;
  int _flags2;
  __off_t _old_offset;
  unsigned short _cur_column;
  signed char _vtable_offset;
  char _shortbuf[1];
  _IO_lock_t *_lock;
# 319 "/usr/include/libio.h" 3 4
  __off64_t _offset;
# 328 "/usr/include/libio.h" 3 4
  void *__pad1;
  void *__pad2;
  void *__pad3;
  void *__pad4;
  size_t __pad5;
  int _mode;
  char _unused2[15 * sizeof (int) - 4 * sizeof (void *) - sizeof (size_t)];
};
typedef struct _IO_FILE _IO_FILE;
struct _IO_FILE_plus;
extern struct _IO_FILE_plus _IO_2_1_stdin_;
extern struct _IO_FILE_plus _IO_2_1_stdout_;
extern struct _IO_FILE_plus _IO_2_1_stderr_;
# 364 "/usr/include/libio.h" 3 4
typedef __ssize_t __io_read_fn (void *__cookie, char *__buf, size_t __nbytes);
typedef __ssize_t __io_write_fn (void *__cookie, __const char *__buf,
     size_t __n);
typedef int __io_seek_fn (void *__cookie, __off64_t *__pos, int __w);
typedef int __io_close_fn (void *__cookie);
# 416 "/usr/include/libio.h" 3 4
extern int __underflow (_IO_FILE *);
extern int __uflow (_IO_FILE *);
extern int __overflow (_IO_FILE *, int);
# 460 "/usr/include/libio.h" 3 4
extern int _IO_getc (_IO_FILE *__fp);
extern int _IO_putc (int __c, _IO_FILE *__fp);
extern int _IO_feof (_IO_FILE *__fp) __attribute__ ((__nothrow__));
extern int _IO_ferror (_IO_FILE *__fp) __attribute__ ((__nothrow__));
extern int _IO_peekc_locked (_IO_FILE *__fp);
extern void _IO_flockfile (_IO_FILE *) __attribute__ ((__nothrow__));
extern void _IO_funlockfile (_IO_FILE *) __attribute__ ((__nothrow__));
extern int _IO_ftrylockfile (_IO_FILE *) __attribute__ ((__nothrow__));
# 490 "/usr/include/libio.h" 3 4
extern int _IO_vfscanf (_IO_FILE * __restrict, const char * __restrict,
   __gnuc_va_list, int *__restrict);
extern int _IO_vfprintf (_IO_FILE *__restrict, const char *__restrict,
    __gnuc_va_list);
extern __ssize_t _IO_padn (_IO_FILE *, int, __ssize_t);
extern size_t _IO_sgetn (_IO_FILE *, void *, size_t);
extern __off64_t _IO_seekoff (_IO_FILE *, __off64_t, int, int);
extern __off64_t _IO_seekpos (_IO_FILE *, __off64_t, int);
extern void _IO_free_backup_area (_IO_FILE *) __attribute__ ((__nothrow__));
# 76 "/usr/include/stdio.h" 2 3 4
typedef __gnuc_va_list va_list;
# 91 "/usr/include/stdio.h" 3 4
typedef __off_t off_t;
# 103 "/usr/include/stdio.h" 3 4
typedef __ssize_t ssize_t;
typedef _G_fpos_t fpos_t;
# 161 "/usr/include/stdio.h" 3 4
# 1 "/usr/include/i386-linux-gnu/bits/stdio_lim.h" 1 3 4
# 162 "/usr/include/stdio.h" 2 3 4
extern struct _IO_FILE *stdin;
extern struct _IO_FILE *stdout;
extern struct _IO_FILE *stderr;
extern int remove (__const char *__filename) __attribute__ ((__nothrow__));
extern int rename (__const char *__old, __const char *__new) __attribute__ ((__nothrow__));
extern int renameat (int __oldfd, __const char *__old, int __newfd,
       __const char *__new) __attribute__ ((__nothrow__));
extern FILE *tmpfile (void) ;
# 206 "/usr/include/stdio.h" 3 4
extern char *tmpnam (char *__s) __attribute__ ((__nothrow__)) ;
extern char *tmpnam_r (char *__s) __attribute__ ((__nothrow__)) ;
# 224 "/usr/include/stdio.h" 3 4
extern char *tempnam (__const char *__dir, __const char *__pfx)
     __attribute__ ((__nothrow__)) __attribute__ ((__malloc__)) ;
extern int fclose (FILE *__stream);
extern int fflush (FILE *__stream);
# 249 "/usr/include/stdio.h" 3 4
extern int fflush_unlocked (FILE *__stream);
# 263 "/usr/include/stdio.h" 3 4
extern FILE *fopen (__const char *__restrict __filename,
      __const char *__restrict __modes) ;
extern FILE *freopen (__const char *__restrict __filename,
        __const char *__restrict __modes,
        FILE *__restrict __stream) ;
# 292 "/usr/include/stdio.h" 3 4
# 303 "/usr/include/stdio.h" 3 4
extern FILE *fdopen (int __fd, __const char *__modes) __attribute__ ((__nothrow__)) ;
# 316 "/usr/include/stdio.h" 3 4
extern FILE *fmemopen (void *__s, size_t __len, __const char *__modes)
  __attribute__ ((__nothrow__)) ;
extern FILE *open_memstream (char **__bufloc, size_t *__sizeloc) __attribute__ ((__nothrow__)) ;
extern void setbuf (FILE *__restrict __stream, char *__restrict __buf) __attribute__ ((__nothrow__));
extern int setvbuf (FILE *__restrict __stream, char *__restrict __buf,
      int __modes, size_t __n) __attribute__ ((__nothrow__));
extern void setbuffer (FILE *__restrict __stream, char *__restrict __buf,
         size_t __size) __attribute__ ((__nothrow__));
extern void setlinebuf (FILE *__stream) __attribute__ ((__nothrow__));
extern int fprintf (FILE *__restrict __stream,
      __const char *__restrict __format, ...);
extern int printf (__const char *__restrict __format, ...);
extern int sprintf (char *__restrict __s,
      __const char *__restrict __format, ...) __attribute__ ((__nothrow__));
extern int vfprintf (FILE *__restrict __s, __const char *__restrict __format,
       __gnuc_va_list __arg);
extern int vprintf (__const char *__restrict __format, __gnuc_va_list __arg);
extern int vsprintf (char *__restrict __s, __const char *__restrict __format,
       __gnuc_va_list __arg) __attribute__ ((__nothrow__));
extern int snprintf (char *__restrict __s, size_t __maxlen,
       __const char *__restrict __format, ...)
     __attribute__ ((__nothrow__)) __attribute__ ((__format__ (__printf__, 3, 4)));
extern int vsnprintf (char *__restrict __s, size_t __maxlen,
        __const char *__restrict __format, __gnuc_va_list __arg)
     __attribute__ ((__nothrow__)) __attribute__ ((__format__ (__printf__, 3, 0)));
# 414 "/usr/include/stdio.h" 3 4
extern int vdprintf (int __fd, __const char *__restrict __fmt,
       __gnuc_va_list __arg)
     __attribute__ ((__format__ (__printf__, 2, 0)));
extern int dprintf (int __fd, __const char *__restrict __fmt, ...)
     __attribute__ ((__format__ (__printf__, 2, 3)));
extern int fscanf (FILE *__restrict __stream,
     __const char *__restrict __format, ...) ;
extern int scanf (__const char *__restrict __format, ...) ;
extern int sscanf (__const char *__restrict __s,
     __const char *__restrict __format, ...) __attribute__ ((__nothrow__));
# 445 "/usr/include/stdio.h" 3 4
extern int fscanf (FILE *__restrict __stream, __const char *__restrict __format, ...) __asm__ ("" "__isoc99_fscanf")
                               ;
extern int scanf (__const char *__restrict __format, ...) __asm__ ("" "__isoc99_scanf")
                              ;
extern int sscanf (__const char *__restrict __s, __const char *__restrict __format, ...) __asm__ ("" "__isoc99_sscanf") __attribute__ ((__nothrow__))
                      ;
# 465 "/usr/include/stdio.h" 3 4
extern int vfscanf (FILE *__restrict __s, __const char *__restrict __format,
      __gnuc_va_list __arg)
     __attribute__ ((__format__ (__scanf__, 2, 0))) ;
extern int vscanf (__const char *__restrict __format, __gnuc_va_list __arg)
     __attribute__ ((__format__ (__scanf__, 1, 0))) ;
extern int vsscanf (__const char *__restrict __s,
      __const char *__restrict __format, __gnuc_va_list __arg)
     __attribute__ ((__nothrow__)) __attribute__ ((__format__ (__scanf__, 2, 0)));
# 496 "/usr/include/stdio.h" 3 4
extern int vfscanf (FILE *__restrict __s, __const char *__restrict __format, __gnuc_va_list __arg) __asm__ ("" "__isoc99_vfscanf")
     __attribute__ ((__format__ (__scanf__, 2, 0))) ;
extern int vscanf (__const char *__restrict __format, __gnuc_va_list __arg) __asm__ ("" "__isoc99_vscanf")
     __attribute__ ((__format__ (__scanf__, 1, 0))) ;
extern int vsscanf (__const char *__restrict __s, __const char *__restrict __format, __gnuc_va_list __arg) __asm__ ("" "__isoc99_vsscanf") __attribute__ ((__nothrow__))
     __attribute__ ((__format__ (__scanf__, 2, 0)));
# 524 "/usr/include/stdio.h" 3 4
extern int fgetc (FILE *__stream);
extern int getc (FILE *__stream);
extern int getchar (void);
# 552 "/usr/include/stdio.h" 3 4
extern int getc_unlocked (FILE *__stream);
extern int getchar_unlocked (void);
# 563 "/usr/include/stdio.h" 3 4
extern int fgetc_unlocked (FILE *__stream);
extern int fputc (int __c, FILE *__stream);
extern int putc (int __c, FILE *__stream);
extern int putchar (int __c);
# 596 "/usr/include/stdio.h" 3 4
extern int fputc_unlocked (int __c, FILE *__stream);
extern int putc_unlocked (int __c, FILE *__stream);
extern int putchar_unlocked (int __c);
extern int getw (FILE *__stream);
extern int putw (int __w, FILE *__stream);
extern char *fgets (char *__restrict __s, int __n, FILE *__restrict __stream)
     ;
extern char *gets (char *__s) ;
# 658 "/usr/include/stdio.h" 3 4
extern __ssize_t __getdelim (char **__restrict __lineptr,
          size_t *__restrict __n, int __delimiter,
          FILE *__restrict __stream) ;
extern __ssize_t getdelim (char **__restrict __lineptr,
        size_t *__restrict __n, int __delimiter,
        FILE *__restrict __stream) ;
extern __ssize_t getline (char **__restrict __lineptr,
       size_t *__restrict __n,
       FILE *__restrict __stream) ;
extern int fputs (__const char *__restrict __s, FILE *__restrict __stream);
extern int puts (__const char *__s);
extern int ungetc (int __c, FILE *__stream);
extern size_t fread (void *__restrict __ptr, size_t __size,
       size_t __n, FILE *__restrict __stream) ;
extern size_t fwrite (__const void *__restrict __ptr, size_t __size,
        size_t __n, FILE *__restrict __s);
# 730 "/usr/include/stdio.h" 3 4
extern size_t fread_unlocked (void *__restrict __ptr, size_t __size,
         size_t __n, FILE *__restrict __stream) ;
extern size_t fwrite_unlocked (__const void *__restrict __ptr, size_t __size,
          size_t __n, FILE *__restrict __stream);
extern int fseek (FILE *__stream, long int __off, int __whence);
extern long int ftell (FILE *__stream) ;
extern void rewind (FILE *__stream);
# 766 "/usr/include/stdio.h" 3 4
extern int fseeko (FILE *__stream, __off_t __off, int __whence);
extern __off_t ftello (FILE *__stream) ;
# 785 "/usr/include/stdio.h" 3 4
extern int fgetpos (FILE *__restrict __stream, fpos_t *__restrict __pos);
extern int fsetpos (FILE *__stream, __const fpos_t *__pos);
# 808 "/usr/include/stdio.h" 3 4
# 817 "/usr/include/stdio.h" 3 4
extern void clearerr (FILE *__stream) __attribute__ ((__nothrow__));
extern int feof (FILE *__stream) __attribute__ ((__nothrow__)) ;
extern int ferror (FILE *__stream) __attribute__ ((__nothrow__)) ;
extern void clearerr_unlocked (FILE *__stream) __attribute__ ((__nothrow__));
extern int feof_unlocked (FILE *__stream) __attribute__ ((__nothrow__)) ;
extern int ferror_unlocked (FILE *__stream) __attribute__ ((__nothrow__)) ;
extern void perror (__const char *__s);
# 1 "/usr/include/i386-linux-gnu/bits/sys_errlist.h" 1 3 4
# 27 "/usr/include/i386-linux-gnu/bits/sys_errlist.h" 3 4
extern int sys_nerr;
extern __const char *__const sys_errlist[];
# 847 "/usr/include/stdio.h" 2 3 4
extern int fileno (FILE *__stream) __attribute__ ((__nothrow__)) ;
extern int fileno_unlocked (FILE *__stream) __attribute__ ((__nothrow__)) ;
# 866 "/usr/include/stdio.h" 3 4
extern FILE *popen (__const char *__command, __const char *__modes) ;
extern int pclose (FILE *__stream);
extern char *ctermid (char *__s) __attribute__ ((__nothrow__));
# 906 "/usr/include/stdio.h" 3 4
extern void flockfile (FILE *__stream) __attribute__ ((__nothrow__));
extern int ftrylockfile (FILE *__stream) __attribute__ ((__nothrow__)) ;
extern void funlockfile (FILE *__stream) __attribute__ ((__nothrow__));
# 936 "/usr/include/stdio.h" 3 4
# 2 "fork.c" 2
# 1 "/usr/include/i386-linux-gnu/sys/types.h" 1 3 4
# 28 "/usr/include/i386-linux-gnu/sys/types.h" 3 4
typedef __u_char u_char;
typedef __u_short u_short;
typedef __u_int u_int;
typedef __u_long u_long;
typedef __quad_t quad_t;
typedef __u_quad_t u_quad_t;
typedef __fsid_t fsid_t;
typedef __loff_t loff_t;
typedef __ino_t ino_t;
# 61 "/usr/include/i386-linux-gnu/sys/types.h" 3 4
typedef __dev_t dev_t;
typedef __gid_t gid_t;
typedef __mode_t mode_t;
typedef __nlink_t nlink_t;
typedef __uid_t uid_t;
# 99 "/usr/include/i386-linux-gnu/sys/types.h" 3 4
typedef __pid_t pid_t;
typedef __id_t id_t;
# 116 "/usr/include/i386-linux-gnu/sys/types.h" 3 4
typedef __daddr_t daddr_t;
typedef __caddr_t caddr_t;
typedef __key_t key_t;
# 133 "/usr/include/i386-linux-gnu/sys/types.h" 3 4
# 1 "/usr/include/time.h" 1 3 4
# 58 "/usr/include/time.h" 3 4
typedef __clock_t clock_t;
# 74 "/usr/include/time.h" 3 4
typedef __time_t time_t;
# 92 "/usr/include/time.h" 3 4
typedef __clockid_t clockid_t;
# 104 "/usr/include/time.h" 3 4
typedef __timer_t timer_t;
# 134 "/usr/include/i386-linux-gnu/sys/types.h" 2 3 4
# 147 "/usr/include/i386-linux-gnu/sys/types.h" 3 4
# 1 "/usr/lib/gcc/i686-linux-gnu/4.6.1/include/stddef.h" 1 3 4
# 148 "/usr/include/i386-linux-gnu/sys/types.h" 2 3 4
typedef unsigned long int ulong;
typedef unsigned short int ushort;
typedef unsigned int uint;
# 195 "/usr/include/i386-linux-gnu/sys/types.h" 3 4
typedef int int8_t __attribute__ ((__mode__ (__QI__)));
typedef int int16_t __attribute__ ((__mode__ (__HI__)));
typedef int int32_t __attribute__ ((__mode__ (__SI__)));
typedef int int64_t __attribute__ ((__mode__ (__DI__)));
typedef unsigned int u_int8_t __attribute__ ((__mode__ (__QI__)));
typedef unsigned int u_int16_t __attribute__ ((__mode__ (__HI__)));
typedef unsigned int u_int32_t __attribute__ ((__mode__ (__SI__)));
typedef unsigned int u_int64_t __attribute__ ((__mode__ (__DI__)));
typedef int register_t __attribute__ ((__mode__ (__word__)));
# 217 "/usr/include/i386-linux-gnu/sys/types.h" 3 4
# 1 "/usr/include/endian.h" 1 3 4
# 37 "/usr/include/endian.h" 3 4
# 1 "/usr/include/i386-linux-gnu/bits/endian.h" 1 3 4
# 38 "/usr/include/endian.h" 2 3 4
# 61 "/usr/include/endian.h" 3 4
# 1 "/usr/include/i386-linux-gnu/bits/byteswap.h" 1 3 4
# 62 "/usr/include/endian.h" 2 3 4
# 218 "/usr/include/i386-linux-gnu/sys/types.h" 2 3 4
# 1 "/usr/include/i386-linux-gnu/sys/select.h" 1 3 4
# 31 "/usr/include/i386-linux-gnu/sys/select.h" 3 4
# 1 "/usr/include/i386-linux-gnu/bits/select.h" 1 3 4
# 32 "/usr/include/i386-linux-gnu/sys/select.h" 2 3 4
# 1 "/usr/include/i386-linux-gnu/bits/sigset.h" 1 3 4
# 24 "/usr/include/i386-linux-gnu/bits/sigset.h" 3 4
typedef int __sig_atomic_t;
typedef struct
  {
    unsigned long int __val[(1024 / (8 * sizeof (unsigned long int)))];
  } __sigset_t;
# 35 "/usr/include/i386-linux-gnu/sys/select.h" 2 3 4
typedef __sigset_t sigset_t;
# 1 "/usr/include/time.h" 1 3 4
# 120 "/usr/include/time.h" 3 4
struct timespec
  {
    __time_t tv_sec;
    long int tv_nsec;
  };
# 45 "/usr/include/i386-linux-gnu/sys/select.h" 2 3 4
# 1 "/usr/include/i386-linux-gnu/bits/time.h" 1 3 4
# 75 "/usr/include/i386-linux-gnu/bits/time.h" 3 4
struct timeval
  {
    __time_t tv_sec;
    __suseconds_t tv_usec;
  };
# 47 "/usr/include/i386-linux-gnu/sys/select.h" 2 3 4
typedef __suseconds_t suseconds_t;
typedef long int __fd_mask;
# 67 "/usr/include/i386-linux-gnu/sys/select.h" 3 4
typedef struct
  {
    __fd_mask __fds_bits[1024 / (8 * (int) sizeof (__fd_mask))];
  } fd_set;
typedef __fd_mask fd_mask;
# 99 "/usr/include/i386-linux-gnu/sys/select.h" 3 4
# 109 "/usr/include/i386-linux-gnu/sys/select.h" 3 4
extern int select (int __nfds, fd_set *__restrict __readfds,
     fd_set *__restrict __writefds,
     fd_set *__restrict __exceptfds,
     struct timeval *__restrict __timeout);
# 121 "/usr/include/i386-linux-gnu/sys/select.h" 3 4
extern int pselect (int __nfds, fd_set *__restrict __readfds,
      fd_set *__restrict __writefds,
      fd_set *__restrict __exceptfds,
      const struct timespec *__restrict __timeout,
      const __sigset_t *__restrict __sigmask);
# 221 "/usr/include/i386-linux-gnu/sys/types.h" 2 3 4
# 1 "/usr/include/i386-linux-gnu/sys/sysmacros.h" 1 3 4
# 30 "/usr/include/i386-linux-gnu/sys/sysmacros.h" 3 4
__extension__
extern unsigned int gnu_dev_major (unsigned long long int __dev)
     __attribute__ ((__nothrow__));
__extension__
extern unsigned int gnu_dev_minor (unsigned long long int __dev)
     __attribute__ ((__nothrow__));
__extension__
extern unsigned long long int gnu_dev_makedev (unsigned int __major,
            unsigned int __minor)
     __attribute__ ((__nothrow__));
# 224 "/usr/include/i386-linux-gnu/sys/types.h" 2 3 4
typedef __blksize_t blksize_t;
typedef __blkcnt_t blkcnt_t;
typedef __fsblkcnt_t fsblkcnt_t;
typedef __fsfilcnt_t fsfilcnt_t;
# 271 "/usr/include/i386-linux-gnu/sys/types.h" 3 4
# 1 "/usr/include/i386-linux-gnu/bits/pthreadtypes.h" 1 3 4
# 36 "/usr/include/i386-linux-gnu/bits/pthreadtypes.h" 3 4
typedef unsigned long int pthread_t;
typedef union
{
  char __size[36];
  long int __align;
} pthread_attr_t;
typedef struct __pthread_internal_slist
{
  struct __pthread_internal_slist *__next;
} __pthread_slist_t;
typedef union
{
  struct __pthread_mutex_s
  {
    int __lock;
    unsigned int __count;
    int __owner;
    int __kind;
    unsigned int __nusers;
    __extension__ union
    {
      int __spins;
      __pthread_slist_t __list;
    };
  } __data;
  char __size[24];
  long int __align;
} pthread_mutex_t;
typedef union
{
  char __size[4];
  long int __align;
} pthread_mutexattr_t;
typedef union
{
  struct
  {
    int __lock;
    unsigned int __futex;
    __extension__ unsigned long long int __total_seq;
    __extension__ unsigned long long int __wakeup_seq;
    __extension__ unsigned long long int __woken_seq;
    void *__mutex;
    unsigned int __nwaiters;
    unsigned int __broadcast_seq;
  } __data;
  char __size[48];
  __extension__ long long int __align;
} pthread_cond_t;
typedef union
{
  char __size[4];
  long int __align;
} pthread_condattr_t;
typedef unsigned int pthread_key_t;
typedef int pthread_once_t;
typedef union
{
  struct
  {
    int __lock;
    unsigned int __nr_readers;
    unsigned int __readers_wakeup;
    unsigned int __writer_wakeup;
    unsigned int __nr_readers_queued;
    unsigned int __nr_writers_queued;
    unsigned char __flags;
    unsigned char __shared;
    unsigned char __pad1;
    unsigned char __pad2;
    int __writer;
  } __data;
  char __size[32];
  long int __align;
} pthread_rwlock_t;
typedef union
{
  char __size[8];
  long int __align;
} pthread_rwlockattr_t;
typedef volatile int pthread_spinlock_t;
typedef union
{
  char __size[20];
  long int __align;
} pthread_barrier_t;
typedef union
{
  char __size[4];
  int __align;
} pthread_barrierattr_t;
# 272 "/usr/include/i386-linux-gnu/sys/types.h" 2 3 4
# 3 "fork.c" 2
# 1 "/usr/include/unistd.h" 1 3 4
# 28 "/usr/include/unistd.h" 3 4
# 203 "/usr/include/unistd.h" 3 4
# 1 "/usr/include/i386-linux-gnu/bits/posix_opt.h" 1 3 4
# 204 "/usr/include/unistd.h" 2 3 4
# 1 "/usr/include/i386-linux-gnu/bits/environments.h" 1 3 4
# 208 "/usr/include/unistd.h" 2 3 4
# 227 "/usr/include/unistd.h" 3 4
# 1 "/usr/lib/gcc/i686-linux-gnu/4.6.1/include/stddef.h" 1 3 4
# 228 "/usr/include/unistd.h" 2 3 4
# 256 "/usr/include/unistd.h" 3 4
typedef __useconds_t useconds_t;
# 268 "/usr/include/unistd.h" 3 4
typedef __intptr_t intptr_t;
typedef __socklen_t socklen_t;
# 288 "/usr/include/unistd.h" 3 4
extern int access (__const char *__name, int __type) __attribute__ ((__nothrow__)) __attribute__ ((__nonnull__ (1)));
# 305 "/usr/include/unistd.h" 3 4
extern int faccessat (int __fd, __const char *__file, int __type, int __flag)
     __attribute__ ((__nothrow__)) __attribute__ ((__nonnull__ (2))) ;
# 331 "/usr/include/unistd.h" 3 4
extern __off_t lseek (int __fd, __off_t __offset, int __whence) __attribute__ ((__nothrow__));
# 350 "/usr/include/unistd.h" 3 4
extern int close (int __fd);
extern ssize_t read (int __fd, void *__buf, size_t __nbytes) ;
extern ssize_t write (int __fd, __const void *__buf, size_t __n) ;
# 373 "/usr/include/unistd.h" 3 4
extern ssize_t pread (int __fd, void *__buf, size_t __nbytes,
        __off_t __offset) ;
extern ssize_t pwrite (int __fd, __const void *__buf, size_t __n,
         __off_t __offset) ;
# 414 "/usr/include/unistd.h" 3 4
extern int pipe (int __pipedes[2]) __attribute__ ((__nothrow__)) ;
# 429 "/usr/include/unistd.h" 3 4
extern unsigned int alarm (unsigned int __seconds) __attribute__ ((__nothrow__));
# 441 "/usr/include/unistd.h" 3 4
extern unsigned int sleep (unsigned int __seconds);
extern __useconds_t ualarm (__useconds_t __value, __useconds_t __interval)
     __attribute__ ((__nothrow__));
extern int usleep (__useconds_t __useconds);
# 466 "/usr/include/unistd.h" 3 4
extern int pause (void);
extern int chown (__const char *__file, __uid_t __owner, __gid_t __group)
     __attribute__ ((__nothrow__)) __attribute__ ((__nonnull__ (1))) ;
extern int fchown (int __fd, __uid_t __owner, __gid_t __group) __attribute__ ((__nothrow__)) ;
extern int lchown (__const char *__file, __uid_t __owner, __gid_t __group)
     __attribute__ ((__nothrow__)) __attribute__ ((__nonnull__ (1))) ;
extern int fchownat (int __fd, __const char *__file, __uid_t __owner,
       __gid_t __group, int __flag)
     __attribute__ ((__nothrow__)) __attribute__ ((__nonnull__ (2))) ;
extern int chdir (__const char *__path) __attribute__ ((__nothrow__)) __attribute__ ((__nonnull__ (1))) ;
extern int fchdir (int __fd) __attribute__ ((__nothrow__)) ;
# 508 "/usr/include/unistd.h" 3 4
extern char *getcwd (char *__buf, size_t __size) __attribute__ ((__nothrow__)) ;
# 522 "/usr/include/unistd.h" 3 4
extern char *getwd (char *__buf)
     __attribute__ ((__nothrow__)) __attribute__ ((__nonnull__ (1))) __attribute__ ((__deprecated__)) ;
extern int dup (int __fd) __attribute__ ((__nothrow__)) ;
extern int dup2 (int __fd, int __fd2) __attribute__ ((__nothrow__));
# 540 "/usr/include/unistd.h" 3 4
extern char **__environ;
extern int execve (__const char *__path, char *__const __argv[],
     char *__const __envp[]) __attribute__ ((__nothrow__)) __attribute__ ((__nonnull__ (1, 2)));
extern int fexecve (int __fd, char *__const __argv[], char *__const __envp[])
     __attribute__ ((__nothrow__)) __attribute__ ((__nonnull__ (2)));
extern int execv (__const char *__path, char *__const __argv[])
     __attribute__ ((__nothrow__)) __attribute__ ((__nonnull__ (1, 2)));
extern int execle (__const char *__path, __const char *__arg, ...)
     __attribute__ ((__nothrow__)) __attribute__ ((__nonnull__ (1, 2)));
extern int execl (__const char *__path, __const char *__arg, ...)
     __attribute__ ((__nothrow__)) __attribute__ ((__nonnull__ (1, 2)));
extern int execvp (__const char *__file, char *__const __argv[])
     __attribute__ ((__nothrow__)) __attribute__ ((__nonnull__ (1, 2)));
extern int execlp (__const char *__file, __const char *__arg, ...)
     __attribute__ ((__nothrow__)) __attribute__ ((__nonnull__ (1, 2)));
# 595 "/usr/include/unistd.h" 3 4
extern int nice (int __inc) __attribute__ ((__nothrow__)) ;
extern void _exit (int __status) __attribute__ ((__noreturn__));
# 1 "/usr/include/i386-linux-gnu/bits/confname.h" 1 3 4
# 26 "/usr/include/i386-linux-gnu/bits/confname.h" 3 4
enum
  {
    _PC_LINK_MAX,
    _PC_MAX_CANON,
    _PC_MAX_INPUT,
    _PC_NAME_MAX,
    _PC_PATH_MAX,
    _PC_PIPE_BUF,
    _PC_CHOWN_RESTRICTED,
    _PC_NO_TRUNC,
    _PC_VDISABLE,
    _PC_SYNC_IO,
    _PC_ASYNC_IO,
    _PC_PRIO_IO,
    _PC_SOCK_MAXBUF,
    _PC_FILESIZEBITS,
    _PC_REC_INCR_XFER_SIZE,
    _PC_REC_MAX_XFER_SIZE,
    _PC_REC_MIN_XFER_SIZE,
    _PC_REC_XFER_ALIGN,
    _PC_ALLOC_SIZE_MIN,
    _PC_SYMLINK_MAX,
    _PC_2_SYMLINKS
  };
enum
  {
    _SC_ARG_MAX,
    _SC_CHILD_MAX,
    _SC_CLK_TCK,
    _SC_NGROUPS_MAX,
    _SC_OPEN_MAX,
    _SC_STREAM_MAX,
    _SC_TZNAME_MAX,
    _SC_JOB_CONTROL,
    _SC_SAVED_IDS,
    _SC_REALTIME_SIGNALS,
    _SC_PRIORITY_SCHEDULING,
    _SC_TIMERS,
    _SC_ASYNCHRONOUS_IO,
    _SC_PRIORITIZED_IO,
    _SC_SYNCHRONIZED_IO,
    _SC_FSYNC,
    _SC_MAPPED_FILES,
    _SC_MEMLOCK,
    _SC_MEMLOCK_RANGE,
    _SC_MEMORY_PROTECTION,
    _SC_MESSAGE_PASSING,
    _SC_SEMAPHORES,
    _SC_SHARED_MEMORY_OBJECTS,
    _SC_AIO_LISTIO_MAX,
    _SC_AIO_MAX,
    _SC_AIO_PRIO_DELTA_MAX,
    _SC_DELAYTIMER_MAX,
    _SC_MQ_OPEN_MAX,
    _SC_MQ_PRIO_MAX,
    _SC_VERSION,
    _SC_PAGESIZE,
    _SC_RTSIG_MAX,
    _SC_SEM_NSEMS_MAX,
    _SC_SEM_VALUE_MAX,
    _SC_SIGQUEUE_MAX,
    _SC_TIMER_MAX,
    _SC_BC_BASE_MAX,
    _SC_BC_DIM_MAX,
    _SC_BC_SCALE_MAX,
    _SC_BC_STRING_MAX,
    _SC_COLL_WEIGHTS_MAX,
    _SC_EQUIV_CLASS_MAX,
    _SC_EXPR_NEST_MAX,
    _SC_LINE_MAX,
    _SC_RE_DUP_MAX,
    _SC_CHARCLASS_NAME_MAX,
    _SC_2_VERSION,
    _SC_2_C_BIND,
    _SC_2_C_DEV,
    _SC_2_FORT_DEV,
    _SC_2_FORT_RUN,
    _SC_2_SW_DEV,
    _SC_2_LOCALEDEF,
    _SC_PII,
    _SC_PII_XTI,
    _SC_PII_SOCKET,
    _SC_PII_INTERNET,
    _SC_PII_OSI,
    _SC_POLL,
    _SC_SELECT,
    _SC_UIO_MAXIOV,
    _SC_IOV_MAX = _SC_UIO_MAXIOV,
    _SC_PII_INTERNET_STREAM,
    _SC_PII_INTERNET_DGRAM,
    _SC_PII_OSI_COTS,
    _SC_PII_OSI_CLTS,
    _SC_PII_OSI_M,
    _SC_T_IOV_MAX,
    _SC_THREADS,
    _SC_THREAD_SAFE_FUNCTIONS,
    _SC_GETGR_R_SIZE_MAX,
    _SC_GETPW_R_SIZE_MAX,
    _SC_LOGIN_NAME_MAX,
    _SC_TTY_NAME_MAX,
    _SC_THREAD_DESTRUCTOR_ITERATIONS,
    _SC_THREAD_KEYS_MAX,
    _SC_THREAD_STACK_MIN,
    _SC_THREAD_THREADS_MAX,
    _SC_THREAD_ATTR_STACKADDR,
    _SC_THREAD_ATTR_STACKSIZE,
    _SC_THREAD_PRIORITY_SCHEDULING,
    _SC_THREAD_PRIO_INHERIT,
    _SC_THREAD_PRIO_PROTECT,
    _SC_THREAD_PROCESS_SHARED,
    _SC_NPROCESSORS_CONF,
    _SC_NPROCESSORS_ONLN,
    _SC_PHYS_PAGES,
    _SC_AVPHYS_PAGES,
    _SC_ATEXIT_MAX,
    _SC_PASS_MAX,
    _SC_XOPEN_VERSION,
    _SC_XOPEN_XCU_VERSION,
    _SC_XOPEN_UNIX,
    _SC_XOPEN_CRYPT,
    _SC_XOPEN_ENH_I18N,
    _SC_XOPEN_SHM,
    _SC_2_CHAR_TERM,
    _SC_2_C_VERSION,
    _SC_2_UPE,
    _SC_XOPEN_XPG2,
    _SC_XOPEN_XPG3,
    _SC_XOPEN_XPG4,
    _SC_CHAR_BIT,
    _SC_CHAR_MAX,
    _SC_CHAR_MIN,
    _SC_INT_MAX,
    _SC_INT_MIN,
    _SC_LONG_BIT,
    _SC_WORD_BIT,
    _SC_MB_LEN_MAX,
    _SC_NZERO,
    _SC_SSIZE_MAX,
    _SC_SCHAR_MAX,
    _SC_SCHAR_MIN,
    _SC_SHRT_MAX,
    _SC_SHRT_MIN,
    _SC_UCHAR_MAX,
    _SC_UINT_MAX,
    _SC_ULONG_MAX,
    _SC_USHRT_MAX,
    _SC_NL_ARGMAX,
    _SC_NL_LANGMAX,
    _SC_NL_MSGMAX,
    _SC_NL_NMAX,
    _SC_NL_SETMAX,
    _SC_NL_TEXTMAX,
    _SC_XBS5_ILP32_OFF32,
    _SC_XBS5_ILP32_OFFBIG,
    _SC_XBS5_LP64_OFF64,
    _SC_XBS5_LPBIG_OFFBIG,
    _SC_XOPEN_LEGACY,
    _SC_XOPEN_REALTIME,
    _SC_XOPEN_REALTIME_THREADS,
    _SC_ADVISORY_INFO,
    _SC_BARRIERS,
    _SC_BASE,
    _SC_C_LANG_SUPPORT,
    _SC_C_LANG_SUPPORT_R,
    _SC_CLOCK_SELECTION,
    _SC_CPUTIME,
    _SC_THREAD_CPUTIME,
    _SC_DEVICE_IO,
    _SC_DEVICE_SPECIFIC,
    _SC_DEVICE_SPECIFIC_R,
    _SC_FD_MGMT,
    _SC_FIFO,
    _SC_PIPE,
    _SC_FILE_ATTRIBUTES,
    _SC_FILE_LOCKING,
    _SC_FILE_SYSTEM,
    _SC_MONOTONIC_CLOCK,
    _SC_MULTI_PROCESS,
    _SC_SINGLE_PROCESS,
    _SC_NETWORKING,
    _SC_READER_WRITER_LOCKS,
    _SC_SPIN_LOCKS,
    _SC_REGEXP,
    _SC_REGEX_VERSION,
    _SC_SHELL,
    _SC_SIGNALS,
    _SC_SPAWN,
    _SC_SPORADIC_SERVER,
    _SC_THREAD_SPORADIC_SERVER,
    _SC_SYSTEM_DATABASE,
    _SC_SYSTEM_DATABASE_R,
    _SC_TIMEOUTS,
    _SC_TYPED_MEMORY_OBJECTS,
    _SC_USER_GROUPS,
    _SC_USER_GROUPS_R,
    _SC_2_PBS,
    _SC_2_PBS_ACCOUNTING,
    _SC_2_PBS_LOCATE,
    _SC_2_PBS_MESSAGE,
    _SC_2_PBS_TRACK,
    _SC_SYMLOOP_MAX,
    _SC_STREAMS,
    _SC_2_PBS_CHECKPOINT,
    _SC_V6_ILP32_OFF32,
    _SC_V6_ILP32_OFFBIG,
    _SC_V6_LP64_OFF64,
    _SC_V6_LPBIG_OFFBIG,
    _SC_HOST_NAME_MAX,
    _SC_TRACE,
    _SC_TRACE_EVENT_FILTER,
    _SC_TRACE_INHERIT,
    _SC_TRACE_LOG,
    _SC_LEVEL1_ICACHE_SIZE,
    _SC_LEVEL1_ICACHE_ASSOC,
    _SC_LEVEL1_ICACHE_LINESIZE,
    _SC_LEVEL1_DCACHE_SIZE,
    _SC_LEVEL1_DCACHE_ASSOC,
    _SC_LEVEL1_DCACHE_LINESIZE,
    _SC_LEVEL2_CACHE_SIZE,
    _SC_LEVEL2_CACHE_ASSOC,
    _SC_LEVEL2_CACHE_LINESIZE,
    _SC_LEVEL3_CACHE_SIZE,
    _SC_LEVEL3_CACHE_ASSOC,
    _SC_LEVEL3_CACHE_LINESIZE,
    _SC_LEVEL4_CACHE_SIZE,
    _SC_LEVEL4_CACHE_ASSOC,
    _SC_LEVEL4_CACHE_LINESIZE,
    _SC_IPV6 = _SC_LEVEL1_ICACHE_SIZE + 50,
    _SC_RAW_SOCKETS,
    _SC_V7_ILP32_OFF32,
    _SC_V7_ILP32_OFFBIG,
    _SC_V7_LP64_OFF64,
    _SC_V7_LPBIG_OFFBIG,
    _SC_SS_REPL_MAX,
    _SC_TRACE_EVENT_NAME_MAX,
    _SC_TRACE_NAME_MAX,
    _SC_TRACE_SYS_MAX,
    _SC_TRACE_USER_EVENT_MAX,
    _SC_XOPEN_STREAMS,
    _SC_THREAD_ROBUST_PRIO_INHERIT,
    _SC_THREAD_ROBUST_PRIO_PROTECT
  };
enum
  {
    _CS_PATH,
    _CS_V6_WIDTH_RESTRICTED_ENVS,
    _CS_GNU_LIBC_VERSION,
    _CS_GNU_LIBPTHREAD_VERSION,
    _CS_V5_WIDTH_RESTRICTED_ENVS,
    _CS_V7_WIDTH_RESTRICTED_ENVS,
    _CS_LFS_CFLAGS = 1000,
    _CS_LFS_LDFLAGS,
    _CS_LFS_LIBS,
    _CS_LFS_LINTFLAGS,
    _CS_LFS64_CFLAGS,
    _CS_LFS64_LDFLAGS,
    _CS_LFS64_LIBS,
    _CS_LFS64_LINTFLAGS,
    _CS_XBS5_ILP32_OFF32_CFLAGS = 1100,
    _CS_XBS5_ILP32_OFF32_LDFLAGS,
    _CS_XBS5_ILP32_OFF32_LIBS,
    _CS_XBS5_ILP32_OFF32_LINTFLAGS,
    _CS_XBS5_ILP32_OFFBIG_CFLAGS,
    _CS_XBS5_ILP32_OFFBIG_LDFLAGS,
    _CS_XBS5_ILP32_OFFBIG_LIBS,
    _CS_XBS5_ILP32_OFFBIG_LINTFLAGS,
    _CS_XBS5_LP64_OFF64_CFLAGS,
    _CS_XBS5_LP64_OFF64_LDFLAGS,
    _CS_XBS5_LP64_OFF64_LIBS,
    _CS_XBS5_LP64_OFF64_LINTFLAGS,
    _CS_XBS5_LPBIG_OFFBIG_CFLAGS,
    _CS_XBS5_LPBIG_OFFBIG_LDFLAGS,
    _CS_XBS5_LPBIG_OFFBIG_LIBS,
    _CS_XBS5_LPBIG_OFFBIG_LINTFLAGS,
    _CS_POSIX_V6_ILP32_OFF32_CFLAGS,
    _CS_POSIX_V6_ILP32_OFF32_LDFLAGS,
    _CS_POSIX_V6_ILP32_OFF32_LIBS,
    _CS_POSIX_V6_ILP32_OFF32_LINTFLAGS,
    _CS_POSIX_V6_ILP32_OFFBIG_CFLAGS,
    _CS_POSIX_V6_ILP32_OFFBIG_LDFLAGS,
    _CS_POSIX_V6_ILP32_OFFBIG_LIBS,
    _CS_POSIX_V6_ILP32_OFFBIG_LINTFLAGS,
    _CS_POSIX_V6_LP64_OFF64_CFLAGS,
    _CS_POSIX_V6_LP64_OFF64_LDFLAGS,
    _CS_POSIX_V6_LP64_OFF64_LIBS,
    _CS_POSIX_V6_LP64_OFF64_LINTFLAGS,
    _CS_POSIX_V6_LPBIG_OFFBIG_CFLAGS,
    _CS_POSIX_V6_LPBIG_OFFBIG_LDFLAGS,
    _CS_POSIX_V6_LPBIG_OFFBIG_LIBS,
    _CS_POSIX_V6_LPBIG_OFFBIG_LINTFLAGS,
    _CS_POSIX_V7_ILP32_OFF32_CFLAGS,
    _CS_POSIX_V7_ILP32_OFF32_LDFLAGS,
    _CS_POSIX_V7_ILP32_OFF32_LIBS,
    _CS_POSIX_V7_ILP32_OFF32_LINTFLAGS,
    _CS_POSIX_V7_ILP32_OFFBIG_CFLAGS,
    _CS_POSIX_V7_ILP32_OFFBIG_LDFLAGS,
    _CS_POSIX_V7_ILP32_OFFBIG_LIBS,
    _CS_POSIX_V7_ILP32_OFFBIG_LINTFLAGS,
    _CS_POSIX_V7_LP64_OFF64_CFLAGS,
    _CS_POSIX_V7_LP64_OFF64_LDFLAGS,
    _CS_POSIX_V7_LP64_OFF64_LIBS,
    _CS_POSIX_V7_LP64_OFF64_LINTFLAGS,
    _CS_POSIX_V7_LPBIG_OFFBIG_CFLAGS,
    _CS_POSIX_V7_LPBIG_OFFBIG_LDFLAGS,
    _CS_POSIX_V7_LPBIG_OFFBIG_LIBS,
    _CS_POSIX_V7_LPBIG_OFFBIG_LINTFLAGS,
    _CS_V6_ENV,
    _CS_V7_ENV
  };
# 607 "/usr/include/unistd.h" 2 3 4
extern long int pathconf (__const char *__path, int __name)
     __attribute__ ((__nothrow__)) __attribute__ ((__nonnull__ (1)));
extern long int fpathconf (int __fd, int __name) __attribute__ ((__nothrow__));
extern long int sysconf (int __name) __attribute__ ((__nothrow__));
extern size_t confstr (int __name, char *__buf, size_t __len) __attribute__ ((__nothrow__));
extern __pid_t getpid (void) __attribute__ ((__nothrow__));
extern __pid_t getppid (void) __attribute__ ((__nothrow__));
extern __pid_t getpgrp (void) __attribute__ ((__nothrow__));
# 643 "/usr/include/unistd.h" 3 4
extern __pid_t __getpgid (__pid_t __pid) __attribute__ ((__nothrow__));
extern __pid_t getpgid (__pid_t __pid) __attribute__ ((__nothrow__));
extern int setpgid (__pid_t __pid, __pid_t __pgid) __attribute__ ((__nothrow__));
# 669 "/usr/include/unistd.h" 3 4
extern int setpgrp (void) __attribute__ ((__nothrow__));
# 686 "/usr/include/unistd.h" 3 4
extern __pid_t setsid (void) __attribute__ ((__nothrow__));
extern __pid_t getsid (__pid_t __pid) __attribute__ ((__nothrow__));
extern __uid_t getuid (void) __attribute__ ((__nothrow__));
extern __uid_t geteuid (void) __attribute__ ((__nothrow__));
extern __gid_t getgid (void) __attribute__ ((__nothrow__));
extern __gid_t getegid (void) __attribute__ ((__nothrow__));
extern int getgroups (int __size, __gid_t __list[]) __attribute__ ((__nothrow__)) ;
# 719 "/usr/include/unistd.h" 3 4
extern int setuid (__uid_t __uid) __attribute__ ((__nothrow__));
extern int setreuid (__uid_t __ruid, __uid_t __euid) __attribute__ ((__nothrow__));
extern int seteuid (__uid_t __uid) __attribute__ ((__nothrow__));
extern int setgid (__gid_t __gid) __attribute__ ((__nothrow__));
extern int setregid (__gid_t __rgid, __gid_t __egid) __attribute__ ((__nothrow__));
extern int setegid (__gid_t __gid) __attribute__ ((__nothrow__));
# 775 "/usr/include/unistd.h" 3 4
extern __pid_t fork (void) __attribute__ ((__nothrow__));
extern __pid_t vfork (void) __attribute__ ((__nothrow__));
extern char *ttyname (int __fd) __attribute__ ((__nothrow__));
extern int ttyname_r (int __fd, char *__buf, size_t __buflen)
     __attribute__ ((__nothrow__)) __attribute__ ((__nonnull__ (2))) ;
extern int isatty (int __fd) __attribute__ ((__nothrow__));
extern int ttyslot (void) __attribute__ ((__nothrow__));
extern int link (__const char *__from, __const char *__to)
     __attribute__ ((__nothrow__)) __attribute__ ((__nonnull__ (1, 2))) ;
extern int linkat (int __fromfd, __const char *__from, int __tofd,
     __const char *__to, int __flags)
     __attribute__ ((__nothrow__)) __attribute__ ((__nonnull__ (2, 4))) ;
extern int symlink (__const char *__from, __const char *__to)
     __attribute__ ((__nothrow__)) __attribute__ ((__nonnull__ (1, 2))) ;
extern ssize_t readlink (__const char *__restrict __path,
    char *__restrict __buf, size_t __len)
     __attribute__ ((__nothrow__)) __attribute__ ((__nonnull__ (1, 2))) ;
extern int symlinkat (__const char *__from, int __tofd,
        __const char *__to) __attribute__ ((__nothrow__)) __attribute__ ((__nonnull__ (1, 3))) ;
extern ssize_t readlinkat (int __fd, __const char *__restrict __path,
      char *__restrict __buf, size_t __len)
     __attribute__ ((__nothrow__)) __attribute__ ((__nonnull__ (2, 3))) ;
extern int unlink (__const char *__name) __attribute__ ((__nothrow__)) __attribute__ ((__nonnull__ (1)));
extern int unlinkat (int __fd, __const char *__name, int __flag)
     __attribute__ ((__nothrow__)) __attribute__ ((__nonnull__ (2)));
extern int rmdir (__const char *__path) __attribute__ ((__nothrow__)) __attribute__ ((__nonnull__ (1)));
extern __pid_t tcgetpgrp (int __fd) __attribute__ ((__nothrow__));
extern int tcsetpgrp (int __fd, __pid_t __pgrp_id) __attribute__ ((__nothrow__));
extern char *getlogin (void);
extern int getlogin_r (char *__name, size_t __name_len) __attribute__ ((__nonnull__ (1)));
extern int setlogin (__const char *__name) __attribute__ ((__nothrow__)) __attribute__ ((__nonnull__ (1)));
# 890 "/usr/include/unistd.h" 3 4
# 1 "/usr/include/getopt.h" 1 3 4
# 59 "/usr/include/getopt.h" 3 4
extern char *optarg;
# 73 "/usr/include/getopt.h" 3 4
extern int optind;
extern int opterr;
extern int optopt;
# 152 "/usr/include/getopt.h" 3 4
extern int getopt (int ___argc, char *const *___argv, const char *__shortopts)
       __attribute__ ((__nothrow__));
# 891 "/usr/include/unistd.h" 2 3 4
extern int gethostname (char *__name, size_t __len) __attribute__ ((__nothrow__)) __attribute__ ((__nonnull__ (1)));
extern int sethostname (__const char *__name, size_t __len)
     __attribute__ ((__nothrow__)) __attribute__ ((__nonnull__ (1))) ;
extern int sethostid (long int __id) __attribute__ ((__nothrow__)) ;
extern int getdomainname (char *__name, size_t __len)
     __attribute__ ((__nothrow__)) __attribute__ ((__nonnull__ (1))) ;
extern int setdomainname (__const char *__name, size_t __len)
     __attribute__ ((__nothrow__)) __attribute__ ((__nonnull__ (1))) ;
extern int vhangup (void) __attribute__ ((__nothrow__));
extern int revoke (__const char *__file) __attribute__ ((__nothrow__)) __attribute__ ((__nonnull__ (1))) ;
extern int profil (unsigned short int *__sample_buffer, size_t __size,
     size_t __offset, unsigned int __scale)
     __attribute__ ((__nothrow__)) __attribute__ ((__nonnull__ (1)));
extern int acct (__const char *__name) __attribute__ ((__nothrow__));
extern char *getusershell (void) __attribute__ ((__nothrow__));
extern void endusershell (void) __attribute__ ((__nothrow__));
extern void setusershell (void) __attribute__ ((__nothrow__));
extern int daemon (int __nochdir, int __noclose) __attribute__ ((__nothrow__)) ;
extern int chroot (__const char *__path) __attribute__ ((__nothrow__)) __attribute__ ((__nonnull__ (1))) ;
extern char *getpass (__const char *__prompt) __attribute__ ((__nonnull__ (1)));
# 976 "/usr/include/unistd.h" 3 4
extern int fsync (int __fd);
extern long int gethostid (void);
extern void sync (void) __attribute__ ((__nothrow__));
extern int getpagesize (void) __attribute__ ((__nothrow__)) __attribute__ ((__const__));
extern int getdtablesize (void) __attribute__ ((__nothrow__));
# 1007 "/usr/include/unistd.h" 3 4
extern int truncate (__const char *__file, __off_t __length)
     __attribute__ ((__nothrow__)) __attribute__ ((__nonnull__ (1))) ;
# 1029 "/usr/include/unistd.h" 3 4
extern int ftruncate (int __fd, __off_t __length) __attribute__ ((__nothrow__)) ;
# 1050 "/usr/include/unistd.h" 3 4
extern int brk (void *__addr) __attribute__ ((__nothrow__)) ;
extern void *sbrk (intptr_t __delta) __attribute__ ((__nothrow__));
# 1071 "/usr/include/unistd.h" 3 4
extern long int syscall (long int __sysno, ...) __attribute__ ((__nothrow__));
# 1094 "/usr/include/unistd.h" 3 4
extern int lockf (int __fd, int __cmd, __off_t __len) ;
# 1125 "/usr/include/unistd.h" 3 4
extern int fdatasync (int __fildes);
# 1154 "/usr/include/unistd.h" 3 4
extern char *ctermid (char *__s) __attribute__ ((__nothrow__));
# 1163 "/usr/include/unistd.h" 3 4
# 4 "fork.c" 2
# 1 "/usr/include/i386-linux-gnu/sys/wait.h" 1 3 4
# 29 "/usr/include/i386-linux-gnu/sys/wait.h" 3 4
# 1 "/usr/include/signal.h" 1 3 4
# 31 "/usr/include/signal.h" 3 4
# 1 "/usr/include/i386-linux-gnu/bits/sigset.h" 1 3 4
# 104 "/usr/include/i386-linux-gnu/bits/sigset.h" 3 4
extern int __sigismember (__const __sigset_t *, int);
extern int __sigaddset (__sigset_t *, int);
extern int __sigdelset (__sigset_t *, int);
# 34 "/usr/include/signal.h" 2 3 4
typedef __sig_atomic_t sig_atomic_t;
# 58 "/usr/include/signal.h" 3 4
# 1 "/usr/include/i386-linux-gnu/bits/signum.h" 1 3 4
# 59 "/usr/include/signal.h" 2 3 4
# 76 "/usr/include/signal.h" 3 4
# 1 "/usr/include/time.h" 1 3 4
# 77 "/usr/include/signal.h" 2 3 4
# 1 "/usr/include/i386-linux-gnu/bits/siginfo.h" 1 3 4
# 25 "/usr/include/i386-linux-gnu/bits/siginfo.h" 3 4
# 1 "/usr/include/i386-linux-gnu/bits/wordsize.h" 1 3 4
# 26 "/usr/include/i386-linux-gnu/bits/siginfo.h" 2 3 4
typedef union sigval
  {
    int sival_int;
    void *sival_ptr;
  } sigval_t;
# 51 "/usr/include/i386-linux-gnu/bits/siginfo.h" 3 4
typedef struct siginfo
  {
    int si_signo;
    int si_errno;
    int si_code;
    union
      {
 int _pad[((128 / sizeof (int)) - 3)];
 struct
   {
     __pid_t si_pid;
     __uid_t si_uid;
   } _kill;
 struct
   {
     int si_tid;
     int si_overrun;
     sigval_t si_sigval;
   } _timer;
 struct
   {
     __pid_t si_pid;
     __uid_t si_uid;
     sigval_t si_sigval;
   } _rt;
 struct
   {
     __pid_t si_pid;
     __uid_t si_uid;
     int si_status;
     __clock_t si_utime;
     __clock_t si_stime;
   } _sigchld;
 struct
   {
     void *si_addr;
   } _sigfault;
 struct
   {
     long int si_band;
     int si_fd;
   } _sigpoll;
      } _sifields;
  } siginfo_t;
# 129 "/usr/include/i386-linux-gnu/bits/siginfo.h" 3 4
enum
{
  SI_ASYNCNL = -60,
  SI_TKILL = -6,
  SI_SIGIO,
  SI_ASYNCIO,
  SI_MESGQ,
  SI_TIMER,
  SI_QUEUE,
  SI_USER,
  SI_KERNEL = 0x80
};
enum
{
  ILL_ILLOPC = 1,
  ILL_ILLOPN,
  ILL_ILLADR,
  ILL_ILLTRP,
  ILL_PRVOPC,
  ILL_PRVREG,
  ILL_COPROC,
  ILL_BADSTK
};
enum
{
  FPE_INTDIV = 1,
  FPE_INTOVF,
  FPE_FLTDIV,
  FPE_FLTOVF,
  FPE_FLTUND,
  FPE_FLTRES,
  FPE_FLTINV,
  FPE_FLTSUB
};
enum
{
  SEGV_MAPERR = 1,
  SEGV_ACCERR
};
enum
{
  BUS_ADRALN = 1,
  BUS_ADRERR,
  BUS_OBJERR
};
enum
{
  TRAP_BRKPT = 1,
  TRAP_TRACE
};
enum
{
  CLD_EXITED = 1,
  CLD_KILLED,
  CLD_DUMPED,
  CLD_TRAPPED,
  CLD_STOPPED,
  CLD_CONTINUED
};
enum
{
  POLL_IN = 1,
  POLL_OUT,
  POLL_MSG,
  POLL_ERR,
  POLL_PRI,
  POLL_HUP
};
# 273 "/usr/include/i386-linux-gnu/bits/siginfo.h" 3 4
typedef struct sigevent
  {
    sigval_t sigev_value;
    int sigev_signo;
    int sigev_notify;
    union
      {
 int _pad[((64 / sizeof (int)) - 3)];
 __pid_t _tid;
 struct
   {
     void (*_function) (sigval_t);
     void *_attribute;
   } _sigev_thread;
      } _sigev_un;
  } sigevent_t;
enum
{
  SIGEV_SIGNAL = 0,
  SIGEV_NONE,
  SIGEV_THREAD,
  SIGEV_THREAD_ID = 4
};
# 80 "/usr/include/signal.h" 2 3 4
typedef void (*__sighandler_t) (int);
extern __sighandler_t __sysv_signal (int __sig, __sighandler_t __handler)
     __attribute__ ((__nothrow__));
# 99 "/usr/include/signal.h" 3 4
extern __sighandler_t signal (int __sig, __sighandler_t __handler)
     __attribute__ ((__nothrow__));
# 113 "/usr/include/signal.h" 3 4
# 126 "/usr/include/signal.h" 3 4
extern int kill (__pid_t __pid, int __sig) __attribute__ ((__nothrow__));
extern int killpg (__pid_t __pgrp, int __sig) __attribute__ ((__nothrow__));
extern int raise (int __sig) __attribute__ ((__nothrow__));
extern __sighandler_t ssignal (int __sig, __sighandler_t __handler)
     __attribute__ ((__nothrow__));
extern int gsignal (int __sig) __attribute__ ((__nothrow__));
extern void psignal (int __sig, __const char *__s);
extern void psiginfo (__const siginfo_t *__pinfo, __const char *__s);
# 168 "/usr/include/signal.h" 3 4
extern int __sigpause (int __sig_or_mask, int __is_sig);
# 196 "/usr/include/signal.h" 3 4
extern int sigblock (int __mask) __attribute__ ((__nothrow__)) __attribute__ ((__deprecated__));
extern int sigsetmask (int __mask) __attribute__ ((__nothrow__)) __attribute__ ((__deprecated__));
extern int siggetmask (void) __attribute__ ((__nothrow__)) __attribute__ ((__deprecated__));
# 216 "/usr/include/signal.h" 3 4
typedef __sighandler_t sig_t;
extern int sigemptyset (sigset_t *__set) __attribute__ ((__nothrow__)) __attribute__ ((__nonnull__ (1)));
extern int sigfillset (sigset_t *__set) __attribute__ ((__nothrow__)) __attribute__ ((__nonnull__ (1)));
extern int sigaddset (sigset_t *__set, int __signo) __attribute__ ((__nothrow__)) __attribute__ ((__nonnull__ (1)));
extern int sigdelset (sigset_t *__set, int __signo) __attribute__ ((__nothrow__)) __attribute__ ((__nonnull__ (1)));
extern int sigismember (__const sigset_t *__set, int __signo)
     __attribute__ ((__nothrow__)) __attribute__ ((__nonnull__ (1)));
# 252 "/usr/include/signal.h" 3 4
# 1 "/usr/include/i386-linux-gnu/bits/sigaction.h" 1 3 4
# 25 "/usr/include/i386-linux-gnu/bits/sigaction.h" 3 4
struct sigaction
  {
    union
      {
 __sighandler_t sa_handler;
 void (*sa_sigaction) (int, siginfo_t *, void *);
      }
    __sigaction_handler;
    __sigset_t sa_mask;
    int sa_flags;
    void (*sa_restorer) (void);
  };
# 253 "/usr/include/signal.h" 2 3 4
extern int sigprocmask (int __how, __const sigset_t *__restrict __set,
   sigset_t *__restrict __oset) __attribute__ ((__nothrow__));
extern int sigsuspend (__const sigset_t *__set) __attribute__ ((__nonnull__ (1)));
extern int sigaction (int __sig, __const struct sigaction *__restrict __act,
        struct sigaction *__restrict __oact) __attribute__ ((__nothrow__));
extern int sigpending (sigset_t *__set) __attribute__ ((__nothrow__)) __attribute__ ((__nonnull__ (1)));
extern int sigwait (__const sigset_t *__restrict __set, int *__restrict __sig)
     __attribute__ ((__nonnull__ (1, 2)));
extern int sigwaitinfo (__const sigset_t *__restrict __set,
   siginfo_t *__restrict __info) __attribute__ ((__nonnull__ (1)));
extern int sigtimedwait (__const sigset_t *__restrict __set,
    siginfo_t *__restrict __info,
    __const struct timespec *__restrict __timeout)
     __attribute__ ((__nonnull__ (1)));
extern int sigqueue (__pid_t __pid, int __sig, __const union sigval __val)
     __attribute__ ((__nothrow__));
# 310 "/usr/include/signal.h" 3 4
extern __const char *__const _sys_siglist[65];
extern __const char *__const sys_siglist[65];
struct sigvec
  {
    __sighandler_t sv_handler;
    int sv_mask;
    int sv_flags;
  };
# 334 "/usr/include/signal.h" 3 4
extern int sigvec (int __sig, __const struct sigvec *__vec,
     struct sigvec *__ovec) __attribute__ ((__nothrow__));
# 1 "/usr/include/i386-linux-gnu/bits/sigcontext.h" 1 3 4
# 28 "/usr/include/i386-linux-gnu/bits/sigcontext.h" 3 4
# 1 "/usr/include/i386-linux-gnu/asm/sigcontext.h" 1 3 4
# 1 "/usr/include/linux/types.h" 1 3 4
# 1 "/usr/include/i386-linux-gnu/asm/types.h" 1 3 4
# 1 "/usr/include/asm-generic/types.h" 1 3 4
# 1 "/usr/include/asm-generic/int-ll64.h" 1 3 4
# 11 "/usr/include/asm-generic/int-ll64.h" 3 4
# 1 "/usr/include/i386-linux-gnu/asm/bitsperlong.h" 1 3 4
# 10 "/usr/include/i386-linux-gnu/asm/bitsperlong.h" 3 4
# 1 "/usr/include/asm-generic/bitsperlong.h" 1 3 4
# 11 "/usr/include/i386-linux-gnu/asm/bitsperlong.h" 2 3 4
# 12 "/usr/include/asm-generic/int-ll64.h" 2 3 4
typedef __signed__ char __s8;
typedef unsigned char __u8;
typedef __signed__ short __s16;
typedef unsigned short __u16;
typedef __signed__ int __s32;
typedef unsigned int __u32;
__extension__ typedef __signed__ long long __s64;
__extension__ typedef unsigned long long __u64;
# 8 "/usr/include/asm-generic/types.h" 2 3 4
typedef unsigned short umode_t;
# 5 "/usr/include/i386-linux-gnu/asm/types.h" 2 3 4
# 5 "/usr/include/linux/types.h" 2 3 4
# 1 "/usr/include/linux/posix_types.h" 1 3 4
# 1 "/usr/include/linux/stddef.h" 1 3 4
# 5 "/usr/include/linux/posix_types.h" 2 3 4
# 36 "/usr/include/linux/posix_types.h" 3 4
typedef struct {
 unsigned long fds_bits [(1024/(8 * sizeof(unsigned long)))];
} __kernel_fd_set;
typedef void (*__kernel_sighandler_t)(int);
typedef int __kernel_key_t;
typedef int __kernel_mqd_t;
# 1 "/usr/include/i386-linux-gnu/asm/posix_types.h" 1 3 4
# 1 "/usr/include/i386-linux-gnu/asm/posix_types_32.h" 1 3 4
# 10 "/usr/include/i386-linux-gnu/asm/posix_types_32.h" 3 4
typedef unsigned long __kernel_ino_t;
typedef unsigned short __kernel_mode_t;
typedef unsigned short __kernel_nlink_t;
typedef long __kernel_off_t;
typedef int __kernel_pid_t;
typedef unsigned short __kernel_ipc_pid_t;
typedef unsigned short __kernel_uid_t;
typedef unsigned short __kernel_gid_t;
typedef unsigned int __kernel_size_t;
typedef int __kernel_ssize_t;
typedef int __kernel_ptrdiff_t;
typedef long __kernel_time_t;
typedef long __kernel_suseconds_t;
typedef long __kernel_clock_t;
typedef int __kernel_timer_t;
typedef int __kernel_clockid_t;
typedef int __kernel_daddr_t;
typedef char * __kernel_caddr_t;
typedef unsigned short __kernel_uid16_t;
typedef unsigned short __kernel_gid16_t;
typedef unsigned int __kernel_uid32_t;
typedef unsigned int __kernel_gid32_t;
typedef unsigned short __kernel_old_uid_t;
typedef unsigned short __kernel_old_gid_t;
typedef unsigned short __kernel_old_dev_t;
typedef long long __kernel_loff_t;
typedef struct {
 int val[2];
} __kernel_fsid_t;
# 3 "/usr/include/i386-linux-gnu/asm/posix_types.h" 2 3 4
# 48 "/usr/include/linux/posix_types.h" 2 3 4
# 9 "/usr/include/linux/types.h" 2 3 4
# 27 "/usr/include/linux/types.h" 3 4
typedef __u16 __le16;
typedef __u16 __be16;
typedef __u32 __le32;
typedef __u32 __be32;
typedef __u64 __le64;
typedef __u64 __be64;
typedef __u16 __sum16;
typedef __u32 __wsum;
# 6 "/usr/include/i386-linux-gnu/asm/sigcontext.h" 2 3 4
# 23 "/usr/include/i386-linux-gnu/asm/sigcontext.h" 3 4
struct _fpx_sw_bytes {
 __u32 magic1;
 __u32 extended_size;
 __u64 xstate_bv;
 __u32 xstate_size;
 __u32 padding[7];
};
# 56 "/usr/include/i386-linux-gnu/asm/sigcontext.h" 3 4
struct _fpreg {
 unsigned short significand[4];
 unsigned short exponent;
};
struct _fpxreg {
 unsigned short significand[4];
 unsigned short exponent;
 unsigned short padding[3];
};
struct _xmmreg {
 unsigned long element[4];
};
struct _fpstate {
 unsigned long cw;
 unsigned long sw;
 unsigned long tag;
 unsigned long ipoff;
 unsigned long cssel;
 unsigned long dataoff;
 unsigned long datasel;
 struct _fpreg _st[8];
 unsigned short status;
 unsigned short magic;
 unsigned long _fxsr_env[6];
 unsigned long mxcsr;
 unsigned long reserved;
 struct _fpxreg _fxsr_st[8];
 struct _xmmreg _xmm[8];
 unsigned long padding1[44];
 union {
  unsigned long padding2[12];
  struct _fpx_sw_bytes sw_reserved;
 };
};
struct sigcontext {
 unsigned short gs, __gsh;
 unsigned short fs, __fsh;
 unsigned short es, __esh;
 unsigned short ds, __dsh;
 unsigned long edi;
 unsigned long esi;
 unsigned long ebp;
 unsigned long esp;
 unsigned long ebx;
 unsigned long edx;
 unsigned long ecx;
 unsigned long eax;
 unsigned long trapno;
 unsigned long err;
 unsigned long eip;
 unsigned short cs, __csh;
 unsigned long eflags;
 unsigned long esp_at_signal;
 unsigned short ss, __ssh;
 struct _fpstate *fpstate;
 unsigned long oldmask;
 unsigned long cr2;
};
# 190 "/usr/include/i386-linux-gnu/asm/sigcontext.h" 3 4
struct _xsave_hdr {
 __u64 xstate_bv;
 __u64 reserved1[2];
 __u64 reserved2[5];
};
struct _ymmh_state {
 __u32 ymmh_space[64];
};
struct _xstate {
 struct _fpstate fpstate;
 struct _xsave_hdr xstate_hdr;
 struct _ymmh_state ymmh;
};
# 29 "/usr/include/i386-linux-gnu/bits/sigcontext.h" 2 3 4
# 340 "/usr/include/signal.h" 2 3 4
extern int sigreturn (struct sigcontext *__scp) __attribute__ ((__nothrow__));
# 1 "/usr/lib/gcc/i686-linux-gnu/4.6.1/include/stddef.h" 1 3 4
# 350 "/usr/include/signal.h" 2 3 4
extern int siginterrupt (int __sig, int __interrupt) __attribute__ ((__nothrow__));
# 1 "/usr/include/i386-linux-gnu/bits/sigstack.h" 1 3 4
# 26 "/usr/include/i386-linux-gnu/bits/sigstack.h" 3 4
struct sigstack
  {
    void *ss_sp;
    int ss_onstack;
  };
enum
{
  SS_ONSTACK = 1,
  SS_DISABLE
};
# 50 "/usr/include/i386-linux-gnu/bits/sigstack.h" 3 4
typedef struct sigaltstack
  {
    void *ss_sp;
    int ss_flags;
    size_t ss_size;
  } stack_t;
# 357 "/usr/include/signal.h" 2 3 4
# 1 "/usr/include/i386-linux-gnu/sys/ucontext.h" 1 3 4
# 23 "/usr/include/i386-linux-gnu/sys/ucontext.h" 3 4
# 1 "/usr/include/signal.h" 1 3 4
# 24 "/usr/include/i386-linux-gnu/sys/ucontext.h" 2 3 4
# 1 "/usr/include/i386-linux-gnu/bits/sigcontext.h" 1 3 4
# 28 "/usr/include/i386-linux-gnu/sys/ucontext.h" 2 3 4
typedef int greg_t;
typedef greg_t gregset_t[19];
# 85 "/usr/include/i386-linux-gnu/sys/ucontext.h" 3 4
struct _libc_fpreg
{
  unsigned short int significand[4];
  unsigned short int exponent;
};
struct _libc_fpstate
{
  unsigned long int cw;
  unsigned long int sw;
  unsigned long int tag;
  unsigned long int ipoff;
  unsigned long int cssel;
  unsigned long int dataoff;
  unsigned long int datasel;
  struct _libc_fpreg _st[8];
  unsigned long int status;
};
typedef struct _libc_fpstate *fpregset_t;
typedef struct
  {
    gregset_t gregs;
    fpregset_t fpregs;
    unsigned long int oldmask;
    unsigned long int cr2;
  } mcontext_t;
typedef struct ucontext
  {
    unsigned long int uc_flags;
    struct ucontext *uc_link;
    stack_t uc_stack;
    mcontext_t uc_mcontext;
    __sigset_t uc_sigmask;
    struct _libc_fpstate __fpregs_mem;
  } ucontext_t;
# 360 "/usr/include/signal.h" 2 3 4
extern int sigstack (struct sigstack *__ss, struct sigstack *__oss)
     __attribute__ ((__nothrow__)) __attribute__ ((__deprecated__));
extern int sigaltstack (__const struct sigaltstack *__restrict __ss,
   struct sigaltstack *__restrict __oss) __attribute__ ((__nothrow__));
# 395 "/usr/include/signal.h" 3 4
# 1 "/usr/include/i386-linux-gnu/bits/sigthread.h" 1 3 4
# 31 "/usr/include/i386-linux-gnu/bits/sigthread.h" 3 4
extern int pthread_sigmask (int __how,
       __const __sigset_t *__restrict __newmask,
       __sigset_t *__restrict __oldmask)__attribute__ ((__nothrow__));
extern int pthread_kill (pthread_t __threadid, int __signo) __attribute__ ((__nothrow__));
# 396 "/usr/include/signal.h" 2 3 4
extern int __libc_current_sigrtmin (void) __attribute__ ((__nothrow__));
extern int __libc_current_sigrtmax (void) __attribute__ ((__nothrow__));
# 32 "/usr/include/i386-linux-gnu/sys/wait.h" 2 3 4
# 1 "/usr/include/i386-linux-gnu/sys/resource.h" 1 3 4
# 25 "/usr/include/i386-linux-gnu/sys/resource.h" 3 4
# 1 "/usr/include/i386-linux-gnu/bits/resource.h" 1 3 4
# 33 "/usr/include/i386-linux-gnu/bits/resource.h" 3 4
enum __rlimit_resource
{
  RLIMIT_CPU = 0,
  RLIMIT_FSIZE = 1,
  RLIMIT_DATA = 2,
  RLIMIT_STACK = 3,
  RLIMIT_CORE = 4,
  __RLIMIT_RSS = 5,
  RLIMIT_NOFILE = 7,
  __RLIMIT_OFILE = RLIMIT_NOFILE,
  RLIMIT_AS = 9,
  __RLIMIT_NPROC = 6,
  __RLIMIT_MEMLOCK = 8,
  __RLIMIT_LOCKS = 10,
  __RLIMIT_SIGPENDING = 11,
  __RLIMIT_MSGQUEUE = 12,
  __RLIMIT_NICE = 13,
  __RLIMIT_RTPRIO = 14,
  __RLIMIT_RTTIME = 15,
  __RLIMIT_NLIMITS = 16,
  __RLIM_NLIMITS = __RLIMIT_NLIMITS
};
# 133 "/usr/include/i386-linux-gnu/bits/resource.h" 3 4
typedef __rlim_t rlim_t;
struct rlimit
  {
    rlim_t rlim_cur;
    rlim_t rlim_max;
  };
# 160 "/usr/include/i386-linux-gnu/bits/resource.h" 3 4
enum __rusage_who
{
  RUSAGE_SELF = 0,
  RUSAGE_CHILDREN = -1
# 178 "/usr/include/i386-linux-gnu/bits/resource.h" 3 4
};
# 1 "/usr/include/i386-linux-gnu/bits/time.h" 1 3 4
# 182 "/usr/include/i386-linux-gnu/bits/resource.h" 2 3 4
struct rusage
  {
    struct timeval ru_utime;
    struct timeval ru_stime;
    long int ru_maxrss;
    long int ru_ixrss;
    long int ru_idrss;
    long int ru_isrss;
    long int ru_minflt;
    long int ru_majflt;
    long int ru_nswap;
    long int ru_inblock;
    long int ru_oublock;
    long int ru_msgsnd;
    long int ru_msgrcv;
    long int ru_nsignals;
    long int ru_nvcsw;
    long int ru_nivcsw;
  };
enum __priority_which
{
  PRIO_PROCESS = 0,
  PRIO_PGRP = 1,
  PRIO_USER = 2
};
# 268 "/usr/include/i386-linux-gnu/bits/resource.h" 3 4
# 26 "/usr/include/i386-linux-gnu/sys/resource.h" 2 3 4
# 43 "/usr/include/i386-linux-gnu/sys/resource.h" 3 4
typedef int __rlimit_resource_t;
typedef int __rusage_who_t;
typedef int __priority_which_t;
extern int getrlimit (__rlimit_resource_t __resource,
        struct rlimit *__rlimits) __attribute__ ((__nothrow__));
# 70 "/usr/include/i386-linux-gnu/sys/resource.h" 3 4
extern int setrlimit (__rlimit_resource_t __resource,
        __const struct rlimit *__rlimits) __attribute__ ((__nothrow__));
# 88 "/usr/include/i386-linux-gnu/sys/resource.h" 3 4
extern int getrusage (__rusage_who_t __who, struct rusage *__usage) __attribute__ ((__nothrow__));
extern int getpriority (__priority_which_t __which, id_t __who) __attribute__ ((__nothrow__));
extern int setpriority (__priority_which_t __which, id_t __who, int __prio)
     __attribute__ ((__nothrow__));
# 33 "/usr/include/i386-linux-gnu/sys/wait.h" 2 3 4
# 1 "/usr/include/i386-linux-gnu/bits/waitflags.h" 1 3 4
# 39 "/usr/include/i386-linux-gnu/sys/wait.h" 2 3 4
# 63 "/usr/include/i386-linux-gnu/sys/wait.h" 3 4
typedef union
  {
    union wait *__uptr;
    int *__iptr;
  } __WAIT_STATUS __attribute__ ((__transparent_union__));
# 80 "/usr/include/i386-linux-gnu/sys/wait.h" 3 4
# 1 "/usr/include/i386-linux-gnu/bits/waitstatus.h" 1 3 4
# 67 "/usr/include/i386-linux-gnu/bits/waitstatus.h" 3 4
union wait
  {
    int w_status;
    struct
      {
 unsigned int __w_termsig:7;
 unsigned int __w_coredump:1;
 unsigned int __w_retcode:8;
 unsigned int:16;
      } __wait_terminated;
    struct
      {
 unsigned int __w_stopval:8;
 unsigned int __w_stopsig:8;
 unsigned int:16;
      } __wait_stopped;
  };
# 81 "/usr/include/i386-linux-gnu/sys/wait.h" 2 3 4
# 102 "/usr/include/i386-linux-gnu/sys/wait.h" 3 4
typedef enum
{
  P_ALL,
  P_PID,
  P_PGID
} idtype_t;
# 116 "/usr/include/i386-linux-gnu/sys/wait.h" 3 4
extern __pid_t wait (__WAIT_STATUS __stat_loc);
# 139 "/usr/include/i386-linux-gnu/sys/wait.h" 3 4
extern __pid_t waitpid (__pid_t __pid, int *__stat_loc, int __options);
# 1 "/usr/include/i386-linux-gnu/bits/siginfo.h" 1 3 4
# 25 "/usr/include/i386-linux-gnu/bits/siginfo.h" 3 4
# 1 "/usr/include/i386-linux-gnu/bits/wordsize.h" 1 3 4
# 26 "/usr/include/i386-linux-gnu/bits/siginfo.h" 2 3 4
# 144 "/usr/include/i386-linux-gnu/sys/wait.h" 2 3 4
# 155 "/usr/include/i386-linux-gnu/sys/wait.h" 3 4
extern int waitid (idtype_t __idtype, __id_t __id, siginfo_t *__infop,
     int __options);
struct rusage;
extern __pid_t wait3 (__WAIT_STATUS __stat_loc, int __options,
        struct rusage * __usage) __attribute__ ((__nothrow__));
extern __pid_t wait4 (__pid_t __pid, __WAIT_STATUS __stat_loc, int __options,
        struct rusage *__usage) __attribute__ ((__nothrow__));
# 6 "fork.c" 2
int main(int argc,char* argv[])
{
 int status;
 pid_t pid;
 if((pid=fork())<0)
 {
  printf("error\n");
 }else if(pid==0)
 {
  printf("child %d\n",getpid());
  return 0;
 }
 printf("parent %d\n",getpid());
 if( (pid=waitpid(pid,&status,0)) < 0)
 {
  printf("error2\n");
 }
 return 0;
}
